<?xml version="1.0" encoding="UTF-8"?>
<testsuite xmlns:xsi="http://www.w3.org/2001/XMLSchema-instance" xsi:noNamespaceSchemaLocation="https://maven.apache.org/surefire/maven-surefire-plugin/xsd/surefire-test-report-3.0.xsd" version="3.0" name="com.example.virtual_campus.VirtualCampusApplicationTests" time="3.466" tests="1" errors="0" skipped="0" failures="0">
  <properties>
    <property name="java.specification.version" value="17"/>
    <property name="sun.cpu.isalist" value="amd64"/>
    <property name="sun.jnu.encoding" value="GBK"/>
    <property name="java.class.path" value="D:\IDEA\project\virtual_campus\target\test-classes;D:\IDEA\project\virtual_campus\target\classes;D:\maven\myRepository\org\springframework\boot\spring-boot-starter-thymeleaf\3.3.3\spring-boot-starter-thymeleaf-3.3.3.jar;D:\maven\myRepository\org\springframework\boot\spring-boot-starter\3.3.3\spring-boot-starter-3.3.3.jar;D:\maven\myRepository\org\springframework\boot\spring-boot\3.3.3\spring-boot-3.3.3.jar;D:\maven\myRepository\org\springframework\boot\spring-boot-autoconfigure\3.3.3\spring-boot-autoconfigure-3.3.3.jar;D:\maven\myRepository\org\springframework\boot\spring-boot-starter-logging\3.3.3\spring-boot-starter-logging-3.3.3.jar;D:\maven\myRepository\ch\qos\logback\logback-classic\1.5.7\logback-classic-1.5.7.jar;D:\maven\myRepository\ch\qos\logback\logback-core\1.5.7\logback-core-1.5.7.jar;D:\maven\myRepository\org\apache\logging\log4j\log4j-to-slf4j\2.23.1\log4j-to-slf4j-2.23.1.jar;D:\maven\myRepository\org\apache\logging\log4j\log4j-api\2.23.1\log4j-api-2.23.1.jar;D:\maven\myRepository\org\slf4j\jul-to-slf4j\2.0.16\jul-to-slf4j-2.0.16.jar;D:\maven\myRepository\jakarta\annotation\jakarta.annotation-api\2.1.1\jakarta.annotation-api-2.1.1.jar;D:\maven\myRepository\org\yaml\snakeyaml\2.2\snakeyaml-2.2.jar;D:\maven\myRepository\org\thymeleaf\thymeleaf-spring6\3.1.2.RELEASE\thymeleaf-spring6-3.1.2.RELEASE.jar;D:\maven\myRepository\org\thymeleaf\thymeleaf\3.1.2.RELEASE\thymeleaf-3.1.2.RELEASE.jar;D:\maven\myRepository\org\attoparser\attoparser\2.0.7.RELEASE\attoparser-2.0.7.RELEASE.jar;D:\maven\myRepository\org\unbescape\unbescape\1.1.6.RELEASE\unbescape-1.1.6.RELEASE.jar;D:\maven\myRepository\org\slf4j\slf4j-api\2.0.16\slf4j-api-2.0.16.jar;D:\maven\myRepository\org\springframework\boot\spring-boot-starter-web\3.3.3\spring-boot-starter-web-3.3.3.jar;D:\maven\myRepository\org\springframework\boot\spring-boot-starter-json\3.3.3\spring-boot-starter-json-3.3.3.jar;D:\maven\myRepository\com\fasterxml\jackson\core\jackson-databind\2.17.2\jackson-databind-2.17.2.jar;D:\maven\myRepository\com\fasterxml\jackson\core\jackson-annotations\2.17.2\jackson-annotations-2.17.2.jar;D:\maven\myRepository\com\fasterxml\jackson\core\jackson-core\2.17.2\jackson-core-2.17.2.jar;D:\maven\myRepository\com\fasterxml\jackson\datatype\jackson-datatype-jdk8\2.17.2\jackson-datatype-jdk8-2.17.2.jar;D:\maven\myRepository\com\fasterxml\jackson\datatype\jackson-datatype-jsr310\2.17.2\jackson-datatype-jsr310-2.17.2.jar;D:\maven\myRepository\com\fasterxml\jackson\module\jackson-module-parameter-names\2.17.2\jackson-module-parameter-names-2.17.2.jar;D:\maven\myRepository\org\springframework\boot\spring-boot-starter-tomcat\3.3.3\spring-boot-starter-tomcat-3.3.3.jar;D:\maven\myRepository\org\apache\tomcat\embed\tomcat-embed-core\10.1.28\tomcat-embed-core-10.1.28.jar;D:\maven\myRepository\org\apache\tomcat\embed\tomcat-embed-el\10.1.28\tomcat-embed-el-10.1.28.jar;D:\maven\myRepository\org\apache\tomcat\embed\tomcat-embed-websocket\10.1.28\tomcat-embed-websocket-10.1.28.jar;D:\maven\myRepository\org\springframework\spring-web\6.1.12\spring-web-6.1.12.jar;D:\maven\myRepository\org\springframework\spring-beans\6.1.12\spring-beans-6.1.12.jar;D:\maven\myRepository\io\micrometer\micrometer-observation\1.13.3\micrometer-observation-1.13.3.jar;D:\maven\myRepository\io\micrometer\micrometer-commons\1.13.3\micrometer-commons-1.13.3.jar;D:\maven\myRepository\org\springframework\spring-webmvc\6.1.12\spring-webmvc-6.1.12.jar;D:\maven\myRepository\org\springframework\spring-aop\6.1.12\spring-aop-6.1.12.jar;D:\maven\myRepository\org\springframework\spring-context\6.1.12\spring-context-6.1.12.jar;D:\maven\myRepository\org\springframework\spring-expression\6.1.12\spring-expression-6.1.12.jar;D:\maven\myRepository\com\mysql\mysql-connector-j\8.3.0\mysql-connector-j-8.3.0.jar;D:\maven\myRepository\org\springframework\boot\spring-boot-starter-test\3.3.3\spring-boot-starter-test-3.3.3.jar;D:\maven\myRepository\org\springframework\boot\spring-boot-test\3.3.3\spring-boot-test-3.3.3.jar;D:\maven\myRepository\org\springframework\boot\spring-boot-test-autoconfigure\3.3.3\spring-boot-test-autoconfigure-3.3.3.jar;D:\maven\myRepository\com\jayway\jsonpath\json-path\2.9.0\json-path-2.9.0.jar;D:\maven\myRepository\jakarta\xml\bind\jakarta.xml.bind-api\4.0.2\jakarta.xml.bind-api-4.0.2.jar;D:\maven\myRepository\jakarta\activation\jakarta.activation-api\2.1.3\jakarta.activation-api-2.1.3.jar;D:\maven\myRepository\net\minidev\json-smart\2.5.1\json-smart-2.5.1.jar;D:\maven\myRepository\net\minidev\accessors-smart\2.5.1\accessors-smart-2.5.1.jar;D:\maven\myRepository\org\ow2\asm\asm\9.6\asm-9.6.jar;D:\maven\myRepository\org\assertj\assertj-core\3.25.3\assertj-core-3.25.3.jar;D:\maven\myRepository\net\bytebuddy\byte-buddy\1.14.19\byte-buddy-1.14.19.jar;D:\maven\myRepository\org\awaitility\awaitility\4.2.2\awaitility-4.2.2.jar;D:\maven\myRepository\org\hamcrest\hamcrest\2.2\hamcrest-2.2.jar;D:\maven\myRepository\org\junit\jupiter\junit-jupiter\5.10.3\junit-jupiter-5.10.3.jar;D:\maven\myRepository\org\junit\jupiter\junit-jupiter-api\5.10.3\junit-jupiter-api-5.10.3.jar;D:\maven\myRepository\org\opentest4j\opentest4j\1.3.0\opentest4j-1.3.0.jar;D:\maven\myRepository\org\junit\platform\junit-platform-commons\1.10.3\junit-platform-commons-1.10.3.jar;D:\maven\myRepository\org\apiguardian\apiguardian-api\1.1.2\apiguardian-api-1.1.2.jar;D:\maven\myRepository\org\junit\jupiter\junit-jupiter-params\5.10.3\junit-jupiter-params-5.10.3.jar;D:\maven\myRepository\org\junit\jupiter\junit-jupiter-engine\5.10.3\junit-jupiter-engine-5.10.3.jar;D:\maven\myRepository\org\junit\platform\junit-platform-engine\1.10.3\junit-platform-engine-1.10.3.jar;D:\maven\myRepository\org\mockito\mockito-core\5.11.0\mockito-core-5.11.0.jar;D:\maven\myRepository\net\bytebuddy\byte-buddy-agent\1.14.19\byte-buddy-agent-1.14.19.jar;D:\maven\myRepository\org\objenesis\objenesis\3.3\objenesis-3.3.jar;D:\maven\myRepository\org\mockito\mockito-junit-jupiter\5.11.0\mockito-junit-jupiter-5.11.0.jar;D:\maven\myRepository\org\skyscreamer\jsonassert\1.5.3\jsonassert-1.5.3.jar;D:\maven\myRepository\com\vaadin\external\google\android-json\0.0.20131108.vaadin1\android-json-0.0.20131108.vaadin1.jar;D:\maven\myRepository\org\springframework\spring-core\6.1.12\spring-core-6.1.12.jar;D:\maven\myRepository\org\springframework\spring-jcl\6.1.12\spring-jcl-6.1.12.jar;D:\maven\myRepository\org\springframework\spring-test\6.1.12\spring-test-6.1.12.jar;D:\maven\myRepository\org\xmlunit\xmlunit-core\2.9.1\xmlunit-core-2.9.1.jar;"/>
    <property name="java.vm.vendor" value="Oracle Corporation"/>
    <property name="sun.arch.data.model" value="64"/>
    <property name="user.variant" value=""/>
    <property name="java.vendor.url" value="https://java.oracle.com/"/>
    <property name="user.timezone" value="Asia/Shanghai"/>
    <property name="os.name" value="Windows 11"/>
    <property name="java.vm.specification.version" value="17"/>
    <property name="sun.java.launcher" value="SUN_STANDARD"/>
    <property name="user.country" value="CN"/>
    <property name="sun.boot.library.path" value="D:\Java\JDK\bin"/>
    <property name="sun.java.command" value="C:\Users\cui&apos;jing&apos;han\AppData\Local\Temp\surefire9082275333217854923\surefirebooter-20240828105121089_3.jar C:\Users\cui&apos;jing&apos;han\AppData\Local\Temp\surefire9082275333217854923 2024-08-28T10-51-20_887-jvmRun1 surefire-20240828105121089_1tmp surefire_0-20240828105121089_2tmp"/>
    <property name="jdk.debug" value="release"/>
    <property name="surefire.test.class.path" value="D:\IDEA\project\virtual_campus\target\test-classes;D:\IDEA\project\virtual_campus\target\classes;D:\maven\myRepository\org\springframework\boot\spring-boot-starter-thymeleaf\3.3.3\spring-boot-starter-thymeleaf-3.3.3.jar;D:\maven\myRepository\org\springframework\boot\spring-boot-starter\3.3.3\spring-boot-starter-3.3.3.jar;D:\maven\myRepository\org\springframework\boot\spring-boot\3.3.3\spring-boot-3.3.3.jar;D:\maven\myRepository\org\springframework\boot\spring-boot-autoconfigure\3.3.3\spring-boot-autoconfigure-3.3.3.jar;D:\maven\myRepository\org\springframework\boot\spring-boot-starter-logging\3.3.3\spring-boot-starter-logging-3.3.3.jar;D:\maven\myRepository\ch\qos\logback\logback-classic\1.5.7\logback-classic-1.5.7.jar;D:\maven\myRepository\ch\qos\logback\logback-core\1.5.7\logback-core-1.5.7.jar;D:\maven\myRepository\org\apache\logging\log4j\log4j-to-slf4j\2.23.1\log4j-to-slf4j-2.23.1.jar;D:\maven\myRepository\org\apache\logging\log4j\log4j-api\2.23.1\log4j-api-2.23.1.jar;D:\maven\myRepository\org\slf4j\jul-to-slf4j\2.0.16\jul-to-slf4j-2.0.16.jar;D:\maven\myRepository\jakarta\annotation\jakarta.annotation-api\2.1.1\jakarta.annotation-api-2.1.1.jar;D:\maven\myRepository\org\yaml\snakeyaml\2.2\snakeyaml-2.2.jar;D:\maven\myRepository\org\thymeleaf\thymeleaf-spring6\3.1.2.RELEASE\thymeleaf-spring6-3.1.2.RELEASE.jar;D:\maven\myRepository\org\thymeleaf\thymeleaf\3.1.2.RELEASE\thymeleaf-3.1.2.RELEASE.jar;D:\maven\myRepository\org\attoparser\attoparser\2.0.7.RELEASE\attoparser-2.0.7.RELEASE.jar;D:\maven\myRepository\org\unbescape\unbescape\1.1.6.RELEASE\unbescape-1.1.6.RELEASE.jar;D:\maven\myRepository\org\slf4j\slf4j-api\2.0.16\slf4j-api-2.0.16.jar;D:\maven\myRepository\org\springframework\boot\spring-boot-starter-web\3.3.3\spring-boot-starter-web-3.3.3.jar;D:\maven\myRepository\org\springframework\boot\spring-boot-starter-json\3.3.3\spring-boot-starter-json-3.3.3.jar;D:\maven\myRepository\com\fasterxml\jackson\core\jackson-databind\2.17.2\jackson-databind-2.17.2.jar;D:\maven\myRepository\com\fasterxml\jackson\core\jackson-annotations\2.17.2\jackson-annotations-2.17.2.jar;D:\maven\myRepository\com\fasterxml\jackson\core\jackson-core\2.17.2\jackson-core-2.17.2.jar;D:\maven\myRepository\com\fasterxml\jackson\datatype\jackson-datatype-jdk8\2.17.2\jackson-datatype-jdk8-2.17.2.jar;D:\maven\myRepository\com\fasterxml\jackson\datatype\jackson-datatype-jsr310\2.17.2\jackson-datatype-jsr310-2.17.2.jar;D:\maven\myRepository\com\fasterxml\jackson\module\jackson-module-parameter-names\2.17.2\jackson-module-parameter-names-2.17.2.jar;D:\maven\myRepository\org\springframework\boot\spring-boot-starter-tomcat\3.3.3\spring-boot-starter-tomcat-3.3.3.jar;D:\maven\myRepository\org\apache\tomcat\embed\tomcat-embed-core\10.1.28\tomcat-embed-core-10.1.28.jar;D:\maven\myRepository\org\apache\tomcat\embed\tomcat-embed-el\10.1.28\tomcat-embed-el-10.1.28.jar;D:\maven\myRepository\org\apache\tomcat\embed\tomcat-embed-websocket\10.1.28\tomcat-embed-websocket-10.1.28.jar;D:\maven\myRepository\org\springframework\spring-web\6.1.12\spring-web-6.1.12.jar;D:\maven\myRepository\org\springframework\spring-beans\6.1.12\spring-beans-6.1.12.jar;D:\maven\myRepository\io\micrometer\micrometer-observation\1.13.3\micrometer-observation-1.13.3.jar;D:\maven\myRepository\io\micrometer\micrometer-commons\1.13.3\micrometer-commons-1.13.3.jar;D:\maven\myRepository\org\springframework\spring-webmvc\6.1.12\spring-webmvc-6.1.12.jar;D:\maven\myRepository\org\springframework\spring-aop\6.1.12\spring-aop-6.1.12.jar;D:\maven\myRepository\org\springframework\spring-context\6.1.12\spring-context-6.1.12.jar;D:\maven\myRepository\org\springframework\spring-expression\6.1.12\spring-expression-6.1.12.jar;D:\maven\myRepository\com\mysql\mysql-connector-j\8.3.0\mysql-connector-j-8.3.0.jar;D:\maven\myRepository\org\springframework\boot\spring-boot-starter-test\3.3.3\spring-boot-starter-test-3.3.3.jar;D:\maven\myRepository\org\springframework\boot\spring-boot-test\3.3.3\spring-boot-test-3.3.3.jar;D:\maven\myRepository\org\springframework\boot\spring-boot-test-autoconfigure\3.3.3\spring-boot-test-autoconfigure-3.3.3.jar;D:\maven\myRepository\com\jayway\jsonpath\json-path\2.9.0\json-path-2.9.0.jar;D:\maven\myRepository\jakarta\xml\bind\jakarta.xml.bind-api\4.0.2\jakarta.xml.bind-api-4.0.2.jar;D:\maven\myRepository\jakarta\activation\jakarta.activation-api\2.1.3\jakarta.activation-api-2.1.3.jar;D:\maven\myRepository\net\minidev\json-smart\2.5.1\json-smart-2.5.1.jar;D:\maven\myRepository\net\minidev\accessors-smart\2.5.1\accessors-smart-2.5.1.jar;D:\maven\myRepository\org\ow2\asm\asm\9.6\asm-9.6.jar;D:\maven\myRepository\org\assertj\assertj-core\3.25.3\assertj-core-3.25.3.jar;D:\maven\myRepository\net\bytebuddy\byte-buddy\1.14.19\byte-buddy-1.14.19.jar;D:\maven\myRepository\org\awaitility\awaitility\4.2.2\awaitility-4.2.2.jar;D:\maven\myRepository\org\hamcrest\hamcrest\2.2\hamcrest-2.2.jar;D:\maven\myRepository\org\junit\jupiter\junit-jupiter\5.10.3\junit-jupiter-5.10.3.jar;D:\maven\myRepository\org\junit\jupiter\junit-jupiter-api\5.10.3\junit-jupiter-api-5.10.3.jar;D:\maven\myRepository\org\opentest4j\opentest4j\1.3.0\opentest4j-1.3.0.jar;D:\maven\myRepository\org\junit\platform\junit-platform-commons\1.10.3\junit-platform-commons-1.10.3.jar;D:\maven\myRepository\org\apiguardian\apiguardian-api\1.1.2\apiguardian-api-1.1.2.jar;D:\maven\myRepository\org\junit\jupiter\junit-jupiter-params\5.10.3\junit-jupiter-params-5.10.3.jar;D:\maven\myRepository\org\junit\jupiter\junit-jupiter-engine\5.10.3\junit-jupiter-engine-5.10.3.jar;D:\maven\myRepository\org\junit\platform\junit-platform-engine\1.10.3\junit-platform-engine-1.10.3.jar;D:\maven\myRepository\org\mockito\mockito-core\5.11.0\mockito-core-5.11.0.jar;D:\maven\myRepository\net\bytebuddy\byte-buddy-agent\1.14.19\byte-buddy-agent-1.14.19.jar;D:\maven\myRepository\org\objenesis\objenesis\3.3\objenesis-3.3.jar;D:\maven\myRepository\org\mockito\mockito-junit-jupiter\5.11.0\mockito-junit-jupiter-5.11.0.jar;D:\maven\myRepository\org\skyscreamer\jsonassert\1.5.3\jsonassert-1.5.3.jar;D:\maven\myRepository\com\vaadin\external\google\android-json\0.0.20131108.vaadin1\android-json-0.0.20131108.vaadin1.jar;D:\maven\myRepository\org\springframework\spring-core\6.1.12\spring-core-6.1.12.jar;D:\maven\myRepository\org\springframework\spring-jcl\6.1.12\spring-jcl-6.1.12.jar;D:\maven\myRepository\org\springframework\spring-test\6.1.12\spring-test-6.1.12.jar;D:\maven\myRepository\org\xmlunit\xmlunit-core\2.9.1\xmlunit-core-2.9.1.jar;"/>
    <property name="sun.cpu.endian" value="little"/>
    <property name="user.home" value="C:\Users\cui&apos;jing&apos;han"/>
    <property name="user.language" value="zh"/>
    <property name="java.specification.vendor" value="Oracle Corporation"/>
    <property name="java.version.date" value="2024-07-16"/>
    <property name="java.home" value="D:\Java\JDK"/>
    <property name="file.separator" value="\"/>
    <property name="basedir" value="D:\IDEA\project\virtual_campus"/>
    <property name="java.vm.compressedOopsMode" value="Zero based"/>
    <property name="line.separator" value="&#10;"/>
    <property name="java.vm.specification.vendor" value="Oracle Corporation"/>
    <property name="java.specification.name" value="Java Platform API Specification"/>
    <property name="FILE_LOG_CHARSET" value="GBK"/>
    <property name="java.awt.headless" value="true"/>
    <property name="surefire.real.class.path" value="C:\Users\cui&apos;jing&apos;han\AppData\Local\Temp\surefire9082275333217854923\surefirebooter-20240828105121089_3.jar"/>
    <property name="user.script" value=""/>
    <property name="sun.management.compiler" value="HotSpot 64-Bit Tiered Compilers"/>
    <property name="java.runtime.version" value="17.0.12+8-LTS-286"/>
    <property name="user.name" value="cui&apos;jing&apos;han"/>
    <property name="path.separator" value=";"/>
    <property name="os.version" value="10.0"/>
    <property name="java.runtime.name" value="Java(TM) SE Runtime Environment"/>
    <property name="file.encoding" value="GBK"/>
    <property name="java.vm.name" value="Java HotSpot(TM) 64-Bit Server VM"/>
    <property name="localRepository" value="D:\maven\myRepository"/>
    <property name="java.vendor.url.bug" value="https://bugreport.java.com/bugreport/"/>
    <property name="java.io.tmpdir" value="C:\Users\CUI&apos;JI~1\AppData\Local\Temp\"/>
    <property name="idea.version" value="2024.2.0.2"/>
    <property name="java.version" value="17.0.12"/>
    <property name="user.dir" value="D:\IDEA\project\virtual_campus"/>
    <property name="os.arch" value="amd64"/>
    <property name="java.vm.specification.name" value="Java Virtual Machine Specification"/>
    <property name="PID" value="40804"/>
    <property name="sun.os.patch.level" value=""/>
    <property name="CONSOLE_LOG_CHARSET" value="GBK"/>
    <property name="native.encoding" value="GBK"/>
    <property name="java.library.path" value="D:\Java\JDK\bin;C:\WINDOWS\Sun\Java\bin;C:\WINDOWS\system32;C:\WINDOWS;D:\Java\JDK\bin;C:\Program Files\Common Files\Oracle\Java\javapath;D:\vmware\bin\;C:\Windows\system32;C:\Windows;C:\Windows\System32\Wbem;C:\Windows\System32\WindowsPowerShell\v1.0\;C:\Windows\System32\OpenSSH\;C:\Program Files (x86)\NVIDIA Corporation\PhysX\Common;C:\Program Files\NVIDIA Corporation\NVIDIA NvDLISR;C:\WINDOWS\system32;C:\WINDOWS;C:\WINDOWS\System32\Wbem;C:\WINDOWS\System32\WindowsPowerShell\v1.0\;C:\WINDOWS\System32\OpenSSH\;C:\WINDOWS\system32;C:\WINDOWS;C:\WINDOWS\System32\Wbem;C:\WINDOWS\System32\WindowsPowerShell\v1.0\;C:\WINDOWS\System32\OpenSSH\;C:\Program Files\Microsoft SQL Server\150\Tools\Binn\;D:\xiazai\opencv\build\x64\vc15\bin;C:\Program Files\Wolfram Research\WolframScript\;D:\cmake\bin;%QUARTUS_ROOTDIR%\bin;D:\matlab\bin;D:\Python\Scripts;D:\Python\;D:\PyCharm\PyCharm Community Edition 2024.1.3\bin;C:\Users\cui&apos;jing&apos;han\AppData\Local\Packages\PythonSoftwareFoundation.Python.3.10_qbz5n2kfra8p0\LocalCache\local-packages\Python310\Scripts;D:\texlive\2024\bin\windows;D:\MYSQL Install\bin;D:\Python\Scripts;D:\Python\;C:\Users\cui&apos;jing&apos;han\AppData\Local\Microsoft\WindowsApps;D:\PyCharm\PyCharm Community Edition 2024.1.3\bin;;C:\Users\cui&apos;jing&apos;han\AppData\Local\GitHubDesktop\bin;D:\texlive\2024\bin\windows;D:\Python\Lib;;D:\IDEA\IntelliJ IDEA Community Edition 2024.2.0.2\bin;;."/>
    <property name="java.vm.info" value="mixed mode, sharing"/>
    <property name="java.vendor" value="Oracle Corporation"/>
    <property name="java.vm.version" value="17.0.12+8-LTS-286"/>
    <property name="sun.io.unicode.encoding" value="UnicodeLittle"/>
    <property name="maven.repo.local" value="D:\maven\myRepository"/>
    <property name="java.class.version" value="61.0"/>
    <property name="LOGGED_APPLICATION_NAME" value="[virtual_campus] "/>
  </properties>
  <testcase name="contextLoads" classname="com.example.virtual_campus.VirtualCampusApplicationTests" time="1.105">
    <system-out><![CDATA[10:51:22.150 [main] INFO org.springframework.test.context.support.AnnotationConfigContextLoaderUtils -- Could not detect default configuration classes for test class [com.example.virtual_campus.VirtualCampusApplicationTests]: VirtualCampusApplicationTests does not declare any static, non-private, non-final, nested classes annotated with @Configuration.
10:51:22.250 [main] INFO org.springframework.boot.test.context.SpringBootTestContextBootstrapper -- Found @SpringBootConfiguration com.example.virtual_campus.VirtualCampusApplication for test class com.example.virtual_campus.VirtualCampusApplicationTests

  .   ____          _            __ _ _
 /\\ / ___'_ __ _ _(_)_ __  __ _ \ \ \ \
( ( )\___ | '_ | '_| | '_ \/ _` | \ \ \ \
 \\/  ___)| |_)| | | | | || (_| |  ) ) ) )
  '  |____| .__|_| |_|_| |_\__, | / / / /
 =========|_|==============|___/=/_/_/_/

 :: Spring Boot ::                (v3.3.3)

2024-08-28T10:51:22.824+08:00  INFO 40804 --- [virtual_campus] [           main] c.e.v.VirtualCampusApplicationTests      : Starting VirtualCampusApplicationTests using Java 17.0.12 with PID 40804 (started by cui'jing'han in D:\IDEA\project\virtual_campus)
2024-08-28T10:51:22.827+08:00  INFO 40804 --- [virtual_campus] [           main] c.e.v.VirtualCampusApplicationTests      : No active profile set, falling back to 1 default profile: "default"
2024-08-28T10:51:24.255+08:00  WARN 40804 --- [virtual_campus] [           main] ion$DefaultTemplateResolverConfiguration : Cannot find template location: classpath:/templates/ (please add some templates, check your Thymeleaf configuration, or set spring.thymeleaf.check-template-location=false)
2024-08-28T10:51:24.320+08:00  INFO 40804 --- [virtual_campus] [           main] c.e.v.VirtualCampusApplicationTests      : Started VirtualCampusApplicationTests in 1.901 seconds (process running for 3.028)
]]></system-out>
  </testcase>
</testsuite>